  [1m[35m (1916.7ms)[0m  [1m[35mCREATE DATABASE "PeuImporte_development" ENCODING = 'unicode'[0m
  ↳ bin/rails:9
  [1m[35m (955.4ms)[0m  [1m[35mCREATE DATABASE "PeuImporte_test" ENCODING = 'unicode'[0m
  ↳ bin/rails:9
  [1m[35m (15.6ms)[0m  [1m[35mCREATE TABLE "schema_migrations" ("version" character varying NOT NULL PRIMARY KEY)[0m
  ↳ bin/rails:9
  [1m[35m (8.7ms)[0m  [1m[35mCREATE TABLE "ar_internal_metadata" ("key" character varying NOT NULL PRIMARY KEY, "value" character varying, "created_at" timestamp NOT NULL, "updated_at" timestamp NOT NULL)[0m
  ↳ bin/rails:9
  [1m[35m (0.3ms)[0m  [1m[34mSELECT pg_try_advisory_lock(2157184649655684600)[0m
  ↳ bin/rails:9
  [1m[35m (0.8ms)[0m  [1m[34mSELECT "schema_migrations"."version" FROM "schema_migrations" ORDER BY "schema_migrations"."version" ASC[0m
  ↳ bin/rails:9
Migrating to CreateEvents (20190812121334)
  [1m[35m (0.2ms)[0m  [1m[35mBEGIN[0m
  ↳ bin/rails:9
  [1m[35m (11.7ms)[0m  [1m[35mCREATE TABLE "events" ("id" bigserial primary key, "start_date" timestamp, "duration" integer, "title" character varying, "description" text, "price" integer, "location" character varying, "created_at" timestamp NOT NULL, "updated_at" timestamp NOT NULL)[0m
  ↳ db/migrate/20190812121334_create_events.rb:3
  [1m[36mActiveRecord::SchemaMigration Create (0.9ms)[0m  [1m[32mINSERT INTO "schema_migrations" ("version") VALUES ($1) RETURNING "version"[0m  [["version", "20190812121334"]]
  ↳ bin/rails:9
  [1m[35m (2.8ms)[0m  [1m[35mCOMMIT[0m
  ↳ bin/rails:9
Migrating to CreateParticipations (20190812144451)
  [1m[35m (0.3ms)[0m  [1m[35mBEGIN[0m
  ↳ bin/rails:9
  [1m[35m (11.0ms)[0m  [1m[35mCREATE TABLE "participations" ("id" bigserial primary key, "stripe_customer_id" character varying, "user_id" bigint, "event_id" bigint, "created_at" timestamp NOT NULL, "updated_at" timestamp NOT NULL)[0m
  ↳ db/migrate/20190812144451_create_participations.rb:3
  [1m[35m (4.2ms)[0m  [1m[35mCREATE  INDEX  "index_participations_on_user_id" ON "participations"  ("user_id")[0m
  ↳ db/migrate/20190812144451_create_participations.rb:3
  [1m[35m (2.7ms)[0m  [1m[35mCREATE  INDEX  "index_participations_on_event_id" ON "participations"  ("event_id")[0m
  ↳ db/migrate/20190812144451_create_participations.rb:3
  [1m[36mActiveRecord::SchemaMigration Create (0.5ms)[0m  [1m[32mINSERT INTO "schema_migrations" ("version") VALUES ($1) RETURNING "version"[0m  [["version", "20190812144451"]]
  ↳ bin/rails:9
  [1m[35m (1.8ms)[0m  [1m[35mCOMMIT[0m
  ↳ bin/rails:9
Migrating to DeviseCreateUsers (20190813095610)
  [1m[35m (0.3ms)[0m  [1m[35mBEGIN[0m
  ↳ bin/rails:9
  [1m[35m (8.8ms)[0m  [1m[35mCREATE TABLE "users" ("id" bigserial primary key, "first_name" character varying, "last_name" character varying, "description" text, "email" character varying DEFAULT '' NOT NULL, "encrypted_password" character varying DEFAULT '' NOT NULL, "reset_password_token" character varying, "reset_password_sent_at" timestamp, "remember_created_at" timestamp, "created_at" timestamp NOT NULL, "updated_at" timestamp NOT NULL)[0m
  ↳ db/migrate/20190813095610_devise_create_users.rb:5
  [1m[35m (3.0ms)[0m  [1m[35mCREATE UNIQUE INDEX  "index_users_on_email" ON "users"  ("email")[0m
  ↳ db/migrate/20190813095610_devise_create_users.rb:42
  [1m[35m (3.3ms)[0m  [1m[35mCREATE UNIQUE INDEX  "index_users_on_reset_password_token" ON "users"  ("reset_password_token")[0m
  ↳ db/migrate/20190813095610_devise_create_users.rb:43
  [1m[36mActiveRecord::SchemaMigration Create (0.4ms)[0m  [1m[32mINSERT INTO "schema_migrations" ("version") VALUES ($1) RETURNING "version"[0m  [["version", "20190813095610"]]
  ↳ bin/rails:9
  [1m[35m (2.7ms)[0m  [1m[35mCOMMIT[0m
  ↳ bin/rails:9
  [1m[36mActiveRecord::InternalMetadata Load (0.6ms)[0m  [1m[34mSELECT  "ar_internal_metadata".* FROM "ar_internal_metadata" WHERE "ar_internal_metadata"."key" = $1 LIMIT $2[0m  [["key", "environment"], ["LIMIT", 1]]
  ↳ bin/rails:9
  [1m[35m (0.2ms)[0m  [1m[35mBEGIN[0m
  ↳ bin/rails:9
  [1m[36mActiveRecord::InternalMetadata Create (0.8ms)[0m  [1m[32mINSERT INTO "ar_internal_metadata" ("key", "value", "created_at", "updated_at") VALUES ($1, $2, $3, $4) RETURNING "key"[0m  [["key", "environment"], ["value", "development"], ["created_at", "2019-08-15 09:29:10.556755"], ["updated_at", "2019-08-15 09:29:10.556755"]]
  ↳ bin/rails:9
  [1m[35m (2.6ms)[0m  [1m[35mCOMMIT[0m
  ↳ bin/rails:9
  [1m[35m (0.2ms)[0m  [1m[34mSELECT pg_advisory_unlock(2157184649655684600)[0m
  ↳ bin/rails:9
  [1m[35m (0.3ms)[0m  [1m[34mSELECT "schema_migrations"."version" FROM "schema_migrations" ORDER BY "schema_migrations"."version" ASC[0m
  ↳ bin/rails:9
  [1m[35m (0.7ms)[0m  [1m[34mSELECT "schema_migrations"."version" FROM "schema_migrations" ORDER BY "schema_migrations"."version" ASC[0m
  ↳ bin/rails:9
  [1m[36mUser Load (2.3ms)[0m  [1m[34mSELECT "users".* FROM "users"[0m
  ↳ db/seeds.rb:10
  [1m[35m (0.1ms)[0m  [1m[35mBEGIN[0m
  ↳ db/seeds.rb:13
  [1m[36mUser Exists (0.5ms)[0m  [1m[34mSELECT  1 AS one FROM "users" WHERE "users"."email" = $1 LIMIT $2[0m  [["email", "nom0@yopmail.com"], ["LIMIT", 1]]
  ↳ db/seeds.rb:13
  [1m[35m (0.2ms)[0m  [1m[31mROLLBACK[0m
  ↳ db/seeds.rb:13
  [1m[35m (0.1ms)[0m  [1m[35mBEGIN[0m
  ↳ db/seeds.rb:13
  [1m[36mUser Exists (0.3ms)[0m  [1m[34mSELECT  1 AS one FROM "users" WHERE "users"."email" = $1 LIMIT $2[0m  [["email", "nom1@yopmail.com"], ["LIMIT", 1]]
  ↳ db/seeds.rb:13
  [1m[35m (0.2ms)[0m  [1m[31mROLLBACK[0m
  ↳ db/seeds.rb:13
  [1m[35m (0.1ms)[0m  [1m[35mBEGIN[0m
  ↳ db/seeds.rb:13
  [1m[36mUser Exists (0.2ms)[0m  [1m[34mSELECT  1 AS one FROM "users" WHERE "users"."email" = $1 LIMIT $2[0m  [["email", "nom2@yopmail.com"], ["LIMIT", 1]]
  ↳ db/seeds.rb:13
  [1m[35m (0.2ms)[0m  [1m[31mROLLBACK[0m
  ↳ db/seeds.rb:13
  [1m[35m (0.1ms)[0m  [1m[35mBEGIN[0m
  ↳ db/seeds.rb:13
  [1m[36mUser Exists (0.4ms)[0m  [1m[34mSELECT  1 AS one FROM "users" WHERE "users"."email" = $1 LIMIT $2[0m  [["email", "nom3@yopmail.com"], ["LIMIT", 1]]
  ↳ db/seeds.rb:13
  [1m[35m (0.2ms)[0m  [1m[31mROLLBACK[0m
  ↳ db/seeds.rb:13
  [1m[35m (0.1ms)[0m  [1m[35mBEGIN[0m
  ↳ db/seeds.rb:13
  [1m[36mUser Exists (0.4ms)[0m  [1m[34mSELECT  1 AS one FROM "users" WHERE "users"."email" = $1 LIMIT $2[0m  [["email", "nom4@yopmail.com"], ["LIMIT", 1]]
  ↳ db/seeds.rb:13
  [1m[35m (0.2ms)[0m  [1m[31mROLLBACK[0m
  ↳ db/seeds.rb:13
  [1m[35m (0.2ms)[0m  [1m[35mBEGIN[0m
  ↳ db/seeds.rb:13
  [1m[36mUser Exists (0.4ms)[0m  [1m[34mSELECT  1 AS one FROM "users" WHERE "users"."email" = $1 LIMIT $2[0m  [["email", "nom5@yopmail.com"], ["LIMIT", 1]]
  ↳ db/seeds.rb:13
  [1m[35m (0.1ms)[0m  [1m[31mROLLBACK[0m
  ↳ db/seeds.rb:13
  [1m[35m (0.1ms)[0m  [1m[35mBEGIN[0m
  ↳ db/seeds.rb:13
  [1m[36mUser Exists (0.2ms)[0m  [1m[34mSELECT  1 AS one FROM "users" WHERE "users"."email" = $1 LIMIT $2[0m  [["email", "nom6@yopmail.com"], ["LIMIT", 1]]
  ↳ db/seeds.rb:13
  [1m[35m (0.1ms)[0m  [1m[31mROLLBACK[0m
  ↳ db/seeds.rb:13
  [1m[35m (0.2ms)[0m  [1m[35mBEGIN[0m
  ↳ db/seeds.rb:13
  [1m[36mUser Exists (0.3ms)[0m  [1m[34mSELECT  1 AS one FROM "users" WHERE "users"."email" = $1 LIMIT $2[0m  [["email", "nom7@yopmail.com"], ["LIMIT", 1]]
  ↳ db/seeds.rb:13
  [1m[35m (0.2ms)[0m  [1m[31mROLLBACK[0m
  ↳ db/seeds.rb:13
  [1m[35m (0.1ms)[0m  [1m[35mBEGIN[0m
  ↳ db/seeds.rb:13
  [1m[36mUser Exists (0.3ms)[0m  [1m[34mSELECT  1 AS one FROM "users" WHERE "users"."email" = $1 LIMIT $2[0m  [["email", "nom8@yopmail.com"], ["LIMIT", 1]]
  ↳ db/seeds.rb:13
  [1m[35m (0.2ms)[0m  [1m[31mROLLBACK[0m
  ↳ db/seeds.rb:13
  [1m[35m (0.1ms)[0m  [1m[35mBEGIN[0m
  ↳ db/seeds.rb:13
  [1m[36mUser Exists (0.3ms)[0m  [1m[34mSELECT  1 AS one FROM "users" WHERE "users"."email" = $1 LIMIT $2[0m  [["email", "nom9@yopmail.com"], ["LIMIT", 1]]
  ↳ db/seeds.rb:13
  [1m[35m (0.1ms)[0m  [1m[31mROLLBACK[0m
  ↳ db/seeds.rb:13
  [1m[35m (0.1ms)[0m  [1m[35mBEGIN[0m
  ↳ db/seeds.rb:13
  [1m[36mUser Exists (0.3ms)[0m  [1m[34mSELECT  1 AS one FROM "users" WHERE "users"."email" = $1 LIMIT $2[0m  [["email", "nom10@yopmail.com"], ["LIMIT", 1]]
  ↳ db/seeds.rb:13
  [1m[35m (0.2ms)[0m  [1m[31mROLLBACK[0m
  ↳ db/seeds.rb:13
  [1m[35m (0.2ms)[0m  [1m[35mBEGIN[0m
  ↳ db/seeds.rb:13
  [1m[36mUser Exists (0.4ms)[0m  [1m[34mSELECT  1 AS one FROM "users" WHERE "users"."email" = $1 LIMIT $2[0m  [["email", "nom11@yopmail.com"], ["LIMIT", 1]]
  ↳ db/seeds.rb:13
  [1m[35m (0.2ms)[0m  [1m[31mROLLBACK[0m
  ↳ db/seeds.rb:13
  [1m[35m (0.1ms)[0m  [1m[35mBEGIN[0m
  ↳ db/seeds.rb:13
  [1m[36mUser Exists (0.3ms)[0m  [1m[34mSELECT  1 AS one FROM "users" WHERE "users"."email" = $1 LIMIT $2[0m  [["email", "nom12@yopmail.com"], ["LIMIT", 1]]
  ↳ db/seeds.rb:13
  [1m[35m (0.2ms)[0m  [1m[31mROLLBACK[0m
  ↳ db/seeds.rb:13
  [1m[35m (0.1ms)[0m  [1m[35mBEGIN[0m
  ↳ db/seeds.rb:13
  [1m[36mUser Exists (0.4ms)[0m  [1m[34mSELECT  1 AS one FROM "users" WHERE "users"."email" = $1 LIMIT $2[0m  [["email", "nom13@yopmail.com"], ["LIMIT", 1]]
  ↳ db/seeds.rb:13
  [1m[35m (0.2ms)[0m  [1m[31mROLLBACK[0m
  ↳ db/seeds.rb:13
  [1m[35m (0.1ms)[0m  [1m[35mBEGIN[0m
  ↳ db/seeds.rb:13
  [1m[36mUser Exists (0.3ms)[0m  [1m[34mSELECT  1 AS one FROM "users" WHERE "users"."email" = $1 LIMIT $2[0m  [["email", "nom14@yopmail.com"], ["LIMIT", 1]]
  ↳ db/seeds.rb:13
  [1m[35m (0.2ms)[0m  [1m[31mROLLBACK[0m
  ↳ db/seeds.rb:13
  [1m[35m (0.1ms)[0m  [1m[35mBEGIN[0m
  ↳ db/seeds.rb:13
  [1m[36mUser Exists (0.3ms)[0m  [1m[34mSELECT  1 AS one FROM "users" WHERE "users"."email" = $1 LIMIT $2[0m  [["email", "nom15@yopmail.com"], ["LIMIT", 1]]
  ↳ db/seeds.rb:13
  [1m[35m (0.2ms)[0m  [1m[31mROLLBACK[0m
  ↳ db/seeds.rb:13
  [1m[35m (0.2ms)[0m  [1m[35mBEGIN[0m
  ↳ db/seeds.rb:13
  [1m[36mUser Exists (0.3ms)[0m  [1m[34mSELECT  1 AS one FROM "users" WHERE "users"."email" = $1 LIMIT $2[0m  [["email", "nom16@yopmail.com"], ["LIMIT", 1]]
  ↳ db/seeds.rb:13
  [1m[35m (0.2ms)[0m  [1m[31mROLLBACK[0m
  ↳ db/seeds.rb:13
  [1m[35m (0.1ms)[0m  [1m[35mBEGIN[0m
  ↳ db/seeds.rb:13
  [1m[36mUser Exists (0.3ms)[0m  [1m[34mSELECT  1 AS one FROM "users" WHERE "users"."email" = $1 LIMIT $2[0m  [["email", "nom17@yopmail.com"], ["LIMIT", 1]]
  ↳ db/seeds.rb:13
  [1m[35m (0.2ms)[0m  [1m[31mROLLBACK[0m
  ↳ db/seeds.rb:13
  [1m[35m (0.1ms)[0m  [1m[35mBEGIN[0m
  ↳ db/seeds.rb:13
  [1m[36mUser Exists (0.3ms)[0m  [1m[34mSELECT  1 AS one FROM "users" WHERE "users"."email" = $1 LIMIT $2[0m  [["email", "nom18@yopmail.com"], ["LIMIT", 1]]
  ↳ db/seeds.rb:13
  [1m[35m (0.2ms)[0m  [1m[31mROLLBACK[0m
  ↳ db/seeds.rb:13
  [1m[35m (0.2ms)[0m  [1m[35mBEGIN[0m
  ↳ db/seeds.rb:13
  [1m[36mUser Exists (0.3ms)[0m  [1m[34mSELECT  1 AS one FROM "users" WHERE "users"."email" = $1 LIMIT $2[0m  [["email", "nom19@yopmail.com"], ["LIMIT", 1]]
  ↳ db/seeds.rb:13
  [1m[35m (0.2ms)[0m  [1m[31mROLLBACK[0m
  ↳ db/seeds.rb:13
  [1m[35m (0.2ms)[0m  [1m[35mBEGIN[0m
  ↳ db/seeds.rb:17
  [1m[36mEvent Create (1.4ms)[0m  [1m[32mINSERT INTO "events" ("start_date", "duration", "title", "description", "price", "location", "created_at", "updated_at") VALUES ($1, $2, $3, $4, $5, $6, $7, $8) RETURNING "id"[0m  [["start_date", "2019-12-25 00:00:00"], ["duration", 30], ["title", "Iure non ut sit quae."], ["description", "Quidem quam ut nemo rerum a nostrum doloremque quisquam harum voluptate architecto similique debitis dolore aspernatur ut veniam delectus iusto enim accusamus aut modi repudiandae."], ["price", 95], ["location", "Honiara"], ["created_at", "2019-08-15 09:29:19.062821"], ["updated_at", "2019-08-15 09:29:19.062821"]]
  ↳ db/seeds.rb:17
  [1m[35m (3.6ms)[0m  [1m[35mCOMMIT[0m
  ↳ db/seeds.rb:17
  [1m[35m (0.2ms)[0m  [1m[35mBEGIN[0m
  ↳ db/seeds.rb:17
  [1m[36mEvent Create (0.3ms)[0m  [1m[32mINSERT INTO "events" ("start_date", "duration", "title", "description", "price", "location", "created_at", "updated_at") VALUES ($1, $2, $3, $4, $5, $6, $7, $8) RETURNING "id"[0m  [["start_date", "2019-12-25 00:00:00"], ["duration", 30], ["title", "Quibusdam repudiandae eveniet magni molestias."], ["description", "Commodi fugiat non sit rerum quisquam exercitationem est neque harum esse ipsam numquam consequatur ipsa sint quae occaecati et ea incidunt asperiores nihil dolor magnam."], ["price", 81], ["location", "Beirut"], ["created_at", "2019-08-15 09:29:19.070860"], ["updated_at", "2019-08-15 09:29:19.070860"]]
  ↳ db/seeds.rb:17
  [1m[35m (1.4ms)[0m  [1m[35mCOMMIT[0m
  ↳ db/seeds.rb:17
  [1m[35m (0.1ms)[0m  [1m[35mBEGIN[0m
  ↳ db/seeds.rb:17
  [1m[36mEvent Create (0.3ms)[0m  [1m[32mINSERT INTO "events" ("start_date", "duration", "title", "description", "price", "location", "created_at", "updated_at") VALUES ($1, $2, $3, $4, $5, $6, $7, $8) RETURNING "id"[0m  [["start_date", "2019-12-25 00:00:00"], ["duration", 30], ["title", "Maxime est veniam magnam voluptatem."], ["description", "Repellendus eveniet et odio similique modi rerum laudantium ut quos eum qui ullam rem excepturi animi id architecto aut eum ipsum et ut aut tempore."], ["price", 66], ["location", "Managua"], ["created_at", "2019-08-15 09:29:19.075103"], ["updated_at", "2019-08-15 09:29:19.075103"]]
  ↳ db/seeds.rb:17
  [1m[35m (1.3ms)[0m  [1m[35mCOMMIT[0m
  ↳ db/seeds.rb:17
  [1m[35m (0.2ms)[0m  [1m[35mBEGIN[0m
  ↳ db/seeds.rb:17
  [1m[36mEvent Create (0.4ms)[0m  [1m[32mINSERT INTO "events" ("start_date", "duration", "title", "description", "price", "location", "created_at", "updated_at") VALUES ($1, $2, $3, $4, $5, $6, $7, $8) RETURNING "id"[0m  [["start_date", "2019-12-25 00:00:00"], ["duration", 30], ["title", "Ea est officia reprehenderit non."], ["description", "Officia eaque et nemo est voluptatem quia amet ex asperiores fugiat qui eos vel pariatur cum qui sit aut exercitationem voluptas sint laudantium facere qui."], ["price", 74], ["location", "Kuala Lumpur"], ["created_at", "2019-08-15 09:29:19.079307"], ["updated_at", "2019-08-15 09:29:19.079307"]]
  ↳ db/seeds.rb:17
  [1m[35m (1.3ms)[0m  [1m[35mCOMMIT[0m
  ↳ db/seeds.rb:17
  [1m[35m (0.2ms)[0m  [1m[35mBEGIN[0m
  ↳ db/seeds.rb:17
  [1m[36mEvent Create (0.3ms)[0m  [1m[32mINSERT INTO "events" ("start_date", "duration", "title", "description", "price", "location", "created_at", "updated_at") VALUES ($1, $2, $3, $4, $5, $6, $7, $8) RETURNING "id"[0m  [["start_date", "2019-12-25 00:00:00"], ["duration", 30], ["title", "Libero officia odit qui voluptatem."], ["description", "Optio modi qui perferendis architecto inventore animi perspiciatis aut eos vel quo dolorem quia blanditiis necessitatibus nostrum laborum odio iusto quam labore non aut facilis."], ["price", 84], ["location", "Santiago"], ["created_at", "2019-08-15 09:29:19.083786"], ["updated_at", "2019-08-15 09:29:19.083786"]]
  ↳ db/seeds.rb:17
  [1m[35m (1.5ms)[0m  [1m[35mCOMMIT[0m
  ↳ db/seeds.rb:17
  [1m[35m (0.2ms)[0m  [1m[35mBEGIN[0m
  ↳ db/seeds.rb:17
  [1m[36mEvent Create (0.3ms)[0m  [1m[32mINSERT INTO "events" ("start_date", "duration", "title", "description", "price", "location", "created_at", "updated_at") VALUES ($1, $2, $3, $4, $5, $6, $7, $8) RETURNING "id"[0m  [["start_date", "2019-12-25 00:00:00"], ["duration", 30], ["title", "Voluptas eum iure nihil quasi."], ["description", "Eos saepe autem necessitatibus sit ut recusandae reiciendis fugiat quia qui nihil et exercitationem distinctio dolores natus et culpa inventore ut qui facilis molestias veritatis."], ["price", 33], ["location", "Rabat"], ["created_at", "2019-08-15 09:29:19.088216"], ["updated_at", "2019-08-15 09:29:19.088216"]]
  ↳ db/seeds.rb:17
  [1m[35m (1.3ms)[0m  [1m[35mCOMMIT[0m
  ↳ db/seeds.rb:17
  [1m[35m (0.1ms)[0m  [1m[35mBEGIN[0m
  ↳ db/seeds.rb:17
  [1m[36mEvent Create (0.4ms)[0m  [1m[32mINSERT INTO "events" ("start_date", "duration", "title", "description", "price", "location", "created_at", "updated_at") VALUES ($1, $2, $3, $4, $5, $6, $7, $8) RETURNING "id"[0m  [["start_date", "2019-12-25 00:00:00"], ["duration", 30], ["title", "Aut possimus libero hic eum."], ["description", "Possimus dolor numquam dolorem omnis repellendus voluptate voluptas maxime quos ut quia ipsa voluptatem omnis cum ratione totam cupiditate aut accusantium et est aut et."], ["price", 91], ["location", "Tokyo"], ["created_at", "2019-08-15 09:29:19.092498"], ["updated_at", "2019-08-15 09:29:19.092498"]]
  ↳ db/seeds.rb:17
  [1m[35m (1.3ms)[0m  [1m[35mCOMMIT[0m
  ↳ db/seeds.rb:17
  [1m[35m (0.2ms)[0m  [1m[35mBEGIN[0m
  ↳ db/seeds.rb:17
  [1m[36mEvent Create (0.3ms)[0m  [1m[32mINSERT INTO "events" ("start_date", "duration", "title", "description", "price", "location", "created_at", "updated_at") VALUES ($1, $2, $3, $4, $5, $6, $7, $8) RETURNING "id"[0m  [["start_date", "2019-12-25 00:00:00"], ["duration", 30], ["title", "A cumque est et neque."], ["description", "Fuga totam quia cum eligendi et deserunt omnis autem iste enim asperiores et minus et cumque vitae rerum maiores alias minima illum animi sapiente aut."], ["price", 91], ["location", "Banjul"], ["created_at", "2019-08-15 09:29:19.096833"], ["updated_at", "2019-08-15 09:29:19.096833"]]
  ↳ db/seeds.rb:17
  [1m[35m (1.3ms)[0m  [1m[35mCOMMIT[0m
  ↳ db/seeds.rb:17
  [1m[35m (0.2ms)[0m  [1m[35mBEGIN[0m
  ↳ db/seeds.rb:17
  [1m[36mEvent Create (0.4ms)[0m  [1m[32mINSERT INTO "events" ("start_date", "duration", "title", "description", "price", "location", "created_at", "updated_at") VALUES ($1, $2, $3, $4, $5, $6, $7, $8) RETURNING "id"[0m  [["start_date", "2019-12-25 00:00:00"], ["duration", 30], ["title", "Ea quo ex quos occaecati."], ["description", "Repellat et dolorum vero sint at soluta omnis aperiam neque dolore voluptatem quae quis dolores enim consequatur et delectus aut aut voluptatem aut illo dolorem."], ["price", 38], ["location", "Panama City"], ["created_at", "2019-08-15 09:29:19.100993"], ["updated_at", "2019-08-15 09:29:19.100993"]]
  ↳ db/seeds.rb:17
  [1m[35m (1.4ms)[0m  [1m[35mCOMMIT[0m
  ↳ db/seeds.rb:17
  [1m[35m (0.1ms)[0m  [1m[35mBEGIN[0m
  ↳ db/seeds.rb:17
  [1m[36mEvent Create (0.4ms)[0m  [1m[32mINSERT INTO "events" ("start_date", "duration", "title", "description", "price", "location", "created_at", "updated_at") VALUES ($1, $2, $3, $4, $5, $6, $7, $8) RETURNING "id"[0m  [["start_date", "2019-12-25 00:00:00"], ["duration", 30], ["title", "Consequatur facere est in excepturi."], ["description", "Corrupti repellendus ipsa alias dolor ut odio facilis animi sit velit aut aut sunt dicta optio porro quisquam vitae fugit sapiente et perspiciatis quo est."], ["price", 15], ["location", "Luxembourg"], ["created_at", "2019-08-15 09:29:19.105381"], ["updated_at", "2019-08-15 09:29:19.105381"]]
  ↳ db/seeds.rb:17
  [1m[35m (1.3ms)[0m  [1m[35mCOMMIT[0m
  ↳ db/seeds.rb:17
  [1m[35m (0.2ms)[0m  [1m[35mBEGIN[0m
  ↳ db/seeds.rb:17
  [1m[36mEvent Create (0.3ms)[0m  [1m[32mINSERT INTO "events" ("start_date", "duration", "title", "description", "price", "location", "created_at", "updated_at") VALUES ($1, $2, $3, $4, $5, $6, $7, $8) RETURNING "id"[0m  [["start_date", "2019-12-25 00:00:00"], ["duration", 30], ["title", "Error modi et reiciendis repellat."], ["description", "Deleniti a minus commodi doloribus in iste error debitis quas aperiam nam et asperiores repudiandae quis aut sed repellat quo omnis aut architecto quasi nisi."], ["price", 21], ["location", "Manila"], ["created_at", "2019-08-15 09:29:19.109668"], ["updated_at", "2019-08-15 09:29:19.109668"]]
  ↳ db/seeds.rb:17
  [1m[35m (1.3ms)[0m  [1m[35mCOMMIT[0m
  ↳ db/seeds.rb:17
  [1m[35m (0.1ms)[0m  [1m[35mBEGIN[0m
  ↳ db/seeds.rb:17
  [1m[36mEvent Create (0.4ms)[0m  [1m[32mINSERT INTO "events" ("start_date", "duration", "title", "description", "price", "location", "created_at", "updated_at") VALUES ($1, $2, $3, $4, $5, $6, $7, $8) RETURNING "id"[0m  [["start_date", "2019-12-25 00:00:00"], ["duration", 30], ["title", "Sint tempore perspiciatis in dolore."], ["description", "In qui labore dicta sint sunt sed recusandae quia voluptate quam laborum natus et voluptatem maiores assumenda similique est qui omnis iste nisi omnis quia."], ["price", 56], ["location", "Tallinn"], ["created_at", "2019-08-15 09:29:19.113850"], ["updated_at", "2019-08-15 09:29:19.113850"]]
  ↳ db/seeds.rb:17
  [1m[35m (1.6ms)[0m  [1m[35mCOMMIT[0m
  ↳ db/seeds.rb:17
  [1m[35m (0.2ms)[0m  [1m[35mBEGIN[0m
  ↳ db/seeds.rb:17
  [1m[36mEvent Create (0.4ms)[0m  [1m[32mINSERT INTO "events" ("start_date", "duration", "title", "description", "price", "location", "created_at", "updated_at") VALUES ($1, $2, $3, $4, $5, $6, $7, $8) RETURNING "id"[0m  [["start_date", "2019-12-25 00:00:00"], ["duration", 30], ["title", "Quo sed voluptatem quibusdam magni."], ["description", "Ad impedit distinctio aut occaecati iusto iure qui ea sit eos dicta rerum sint tenetur qui id et quos alias unde veritatis et molestiae eaque."], ["price", 8], ["location", "Amman"], ["created_at", "2019-08-15 09:29:19.118707"], ["updated_at", "2019-08-15 09:29:19.118707"]]
  ↳ db/seeds.rb:17
  [1m[35m (1.4ms)[0m  [1m[35mCOMMIT[0m
  ↳ db/seeds.rb:17
  [1m[35m (0.1ms)[0m  [1m[35mBEGIN[0m
  ↳ db/seeds.rb:17
  [1m[36mEvent Create (0.4ms)[0m  [1m[32mINSERT INTO "events" ("start_date", "duration", "title", "description", "price", "location", "created_at", "updated_at") VALUES ($1, $2, $3, $4, $5, $6, $7, $8) RETURNING "id"[0m  [["start_date", "2019-12-25 00:00:00"], ["duration", 30], ["title", "Deserunt qui asperiores ut atque."], ["description", "Suscipit expedita quibusdam in libero accusantium assumenda modi qui voluptates et eos iure quas voluptate omnis beatae perspiciatis sit id ipsa sit laboriosam quo ut."], ["price", 41], ["location", "Bandar Seri Begawan"], ["created_at", "2019-08-15 09:29:19.123116"], ["updated_at", "2019-08-15 09:29:19.123116"]]
  ↳ db/seeds.rb:17
  [1m[35m (1.4ms)[0m  [1m[35mCOMMIT[0m
  ↳ db/seeds.rb:17
  [1m[35m (0.2ms)[0m  [1m[35mBEGIN[0m
  ↳ db/seeds.rb:17
  [1m[36mEvent Create (0.3ms)[0m  [1m[32mINSERT INTO "events" ("start_date", "duration", "title", "description", "price", "location", "created_at", "updated_at") VALUES ($1, $2, $3, $4, $5, $6, $7, $8) RETURNING "id"[0m  [["start_date", "2019-12-25 00:00:00"], ["duration", 30], ["title", "Suscipit tenetur facilis beatae et."], ["description", "Nisi facere provident possimus earum delectus repellat omnis eius consequatur et optio maiores saepe labore et voluptas quidem doloremque sit blanditiis in non aut ut."], ["price", 42], ["location", "Dar es Salaam"], ["created_at", "2019-08-15 09:29:19.127403"], ["updated_at", "2019-08-15 09:29:19.127403"]]
  ↳ db/seeds.rb:17
  [1m[35m (2.4ms)[0m  [1m[35mCOMMIT[0m
  ↳ db/seeds.rb:17
  [1m[35m (0.2ms)[0m  [1m[35mBEGIN[0m
  ↳ db/seeds.rb:17
  [1m[36mEvent Create (0.3ms)[0m  [1m[32mINSERT INTO "events" ("start_date", "duration", "title", "description", "price", "location", "created_at", "updated_at") VALUES ($1, $2, $3, $4, $5, $6, $7, $8) RETURNING "id"[0m  [["start_date", "2019-12-25 00:00:00"], ["duration", 30], ["title", "Autem magnam consequatur esse occaecati."], ["description", "Necessitatibus reprehenderit quae provident velit dolores omnis ab quia fuga vitae reiciendis sapiente molestiae modi dolor unde soluta accusantium eum dolorem ea cumque quas et."], ["price", 76], ["location", "Bucharest"], ["created_at", "2019-08-15 09:29:19.132836"], ["updated_at", "2019-08-15 09:29:19.132836"]]
  ↳ db/seeds.rb:17
  [1m[35m (2.6ms)[0m  [1m[35mCOMMIT[0m
  ↳ db/seeds.rb:17
  [1m[35m (0.2ms)[0m  [1m[35mBEGIN[0m
  ↳ db/seeds.rb:17
  [1m[36mEvent Create (0.3ms)[0m  [1m[32mINSERT INTO "events" ("start_date", "duration", "title", "description", "price", "location", "created_at", "updated_at") VALUES ($1, $2, $3, $4, $5, $6, $7, $8) RETURNING "id"[0m  [["start_date", "2019-12-25 00:00:00"], ["duration", 30], ["title", "Delectus a ut pariatur vitae."], ["description", "Repellendus repellat veritatis similique non beatae et nemo ut molestiae aliquid quo dolores et sunt nobis minus molestias excepturi esse dicta ut optio voluptas ullam."], ["price", 90], ["location", "Ankara"], ["created_at", "2019-08-15 09:29:19.138524"], ["updated_at", "2019-08-15 09:29:19.138524"]]
  ↳ db/seeds.rb:17
  [1m[35m (2.4ms)[0m  [1m[35mCOMMIT[0m
  ↳ db/seeds.rb:17
  [1m[35m (0.1ms)[0m  [1m[35mBEGIN[0m
  ↳ db/seeds.rb:17
  [1m[36mEvent Create (0.3ms)[0m  [1m[32mINSERT INTO "events" ("start_date", "duration", "title", "description", "price", "location", "created_at", "updated_at") VALUES ($1, $2, $3, $4, $5, $6, $7, $8) RETURNING "id"[0m  [["start_date", "2019-12-25 00:00:00"], ["duration", 30], ["title", "Culpa esse ut dignissimos quia."], ["description", "Atque sint dolores ut reiciendis magnam in quo architecto dolorem beatae est sunt et illo accusantium qui voluptatem odio repudiandae minus accusamus blanditiis repellat vel."], ["price", 4], ["location", "Quito"], ["created_at", "2019-08-15 09:29:19.143983"], ["updated_at", "2019-08-15 09:29:19.143983"]]
  ↳ db/seeds.rb:17
  [1m[35m (2.5ms)[0m  [1m[35mCOMMIT[0m
  ↳ db/seeds.rb:17
  [1m[35m (0.2ms)[0m  [1m[35mBEGIN[0m
  ↳ db/seeds.rb:17
  [1m[36mEvent Create (0.4ms)[0m  [1m[32mINSERT INTO "events" ("start_date", "duration", "title", "description", "price", "location", "created_at", "updated_at") VALUES ($1, $2, $3, $4, $5, $6, $7, $8) RETURNING "id"[0m  [["start_date", "2019-12-25 00:00:00"], ["duration", 30], ["title", "Et est impedit rerum quae."], ["description", "Magni perferendis quisquam totam voluptatum et architecto incidunt quos qui est ipsa voluptas ab dolores nihil adipisci dolorem et modi officiis exercitationem tempore et molestiae."], ["price", 26], ["location", "Doha"], ["created_at", "2019-08-15 09:29:19.149590"], ["updated_at", "2019-08-15 09:29:19.149590"]]
  ↳ db/seeds.rb:17
  [1m[35m (2.6ms)[0m  [1m[35mCOMMIT[0m
  ↳ db/seeds.rb:17
  [1m[35m (0.2ms)[0m  [1m[35mBEGIN[0m
  ↳ db/seeds.rb:17
  [1m[36mEvent Create (0.3ms)[0m  [1m[32mINSERT INTO "events" ("start_date", "duration", "title", "description", "price", "location", "created_at", "updated_at") VALUES ($1, $2, $3, $4, $5, $6, $7, $8) RETURNING "id"[0m  [["start_date", "2019-12-25 00:00:00"], ["duration", 30], ["title", "Autem molestiae ad aut debitis."], ["description", "Harum et consequatur deleniti delectus laborum recusandae omnis repellat soluta mollitia nemo dolore et neque sunt reprehenderit cumque ducimus sequi aut ea sed impedit maxime."], ["price", 68], ["location", "Antananarivo"], ["created_at", "2019-08-15 09:29:19.155398"], ["updated_at", "2019-08-15 09:29:19.155398"]]
  ↳ db/seeds.rb:17
  [1m[35m (2.4ms)[0m  [1m[35mCOMMIT[0m
  ↳ db/seeds.rb:17
